<?xml version="1.0" encoding="UTF-8"?>
<!-- Generated by org.testng.reporters.JUnitXMLReporter -->
<testsuite hostname="Prakashs-MacBook-Pro.local" ignored="0" name="Default test(failed)(failed)" tests="1" failures="1" timestamp="24 Aug 2018 08:08:42 GMT" time="3.135" errors="0">
  <testcase name="registrationTest_pass1" time="1.262" classname="com.apex.ecommerce.registration.RegistrationTest">
    <failure type="java.lang.IndexOutOfBoundsException" message="Index: 1, Size: 0">
      <![CDATA[java.lang.IndexOutOfBoundsException: Index: 1, Size: 0
at java.util.ArrayList.rangeCheck(ArrayList.java:653)
at java.util.ArrayList.get(ArrayList.java:429)
at org.openqa.selenium.support.pagefactory.internal.LocatingElementListHandler.invoke(LocatingElementListHandler.java:39)
at com.sun.proxy.$Proxy8.get(Unknown Source)
at com.apex.ecommerce.registration.page.RegistrationPage.setGender(RegistrationPage.java:158)
at com.apex.ecommerce.registration.RegistrationTest.registrationTest_pass1(RegistrationTest.java:19)
... Removed 29 stack frames]]>
    </failure>
  </testcase> <!-- registrationTest_pass1 -->
</testsuite> <!-- Default test(failed)(failed) -->
